{
  "0 debug pnpm:scope": {
    "selected": 1
  },
  "1 error pnpm": {
    "errno": 1,
    "code": "ELIFECYCLE",
    "pkgid": "different-react-versions-isolated@0.0.0",
    "stage": "start",
    "script": "lerna run --scope=different-react-versions-isolated_app* --parallel start",
    "pkgname": "different-react-versions-isolated",
    "err": {
      "name": "pnpm",
      "message": "different-react-versions-isolated@0.0.0 start: `lerna run --scope=different-react-versions-isolated_app* --parallel start`\nExit status 1",
      "code": "ELIFECYCLE",
      "stack": "pnpm: different-react-versions-isolated@0.0.0 start: `lerna run --scope=different-react-versions-isolated_app* --parallel start`\nExit status 1\n    at EventEmitter.<anonymous> (C:\\Users\\ccaglar\\AppData\\Roaming\\npm\\node_modules\\pnpm\\dist\\pnpm.cjs:107358:20)\n    at EventEmitter.emit (node:events:514:28)\n    at ChildProcess.<anonymous> (C:\\Users\\ccaglar\\AppData\\Roaming\\npm\\node_modules\\pnpm\\dist\\pnpm.cjs:93924:18)\n    at ChildProcess.emit (node:events:514:28)\n    at maybeClose (node:internal/child_process:1091:16)\n    at ChildProcess._handle.onexit (node:internal/child_process:302:5)"
    }
  },
  "2 warn pnpm:global": " Local package.json exists, but node_modules missing, did you mean to install?"
}